<?xml version="1.0" encoding="UTF-8"?>
<!-- Generated by org.testng.reporters.JUnitXMLReporter -->
<testsuite hostname="Milenas-MacBook-Pro.local" ignored="1" name="test " tests="3" failures="0" timestamp="07 Jun 2019 03:02:56 GMT" time="0.083" errors="0">
  <testcase name="One" time="0.023" classname="com.class03_.MethodsExample"/>
  <testcase name="Three" time="0.002" classname="com.class03_.MethodsExample"/>
  <testcase name="Two" time="0.003" classname="com.class03_.MethodsExample"/>
  <testcase name="Four" time="0.0" classname="com.class03_.MethodsExample">
    <ignored/>
  </testcase> <!-- Four -->
</testsuite> <!-- test  -->
