<?xml version="1.0" encoding="UTF-8"?>
<!-- Generated by org.testng.reporters.JUnitXMLReporter -->
<testsuite hostname="Milenas-MacBook-Pro.local" ignored="0" name="groupTest" tests="4" failures="0" timestamp="06 Jun 2019 22:54:40 GMT" time="0.06" errors="0">
  <testcase name="Four" time="0.007" classname="com.class03_.GroupsExample"/>
  <testcase name="One" time="0.004" classname="com.class03_.GroupsExample"/>
  <testcase name="Three" time="0.001" classname="com.class03_.GroupsExample"/>
  <testcase name="Two" time="0.002" classname="com.class03_.GroupsExample"/>
</testsuite> <!-- groupTest -->
