<?xml version="1.0" encoding="UTF-8"?>
<!-- Generated by org.testng.reporters.JUnitXMLReporter -->
<testsuite hostname="Milenas-MacBook-Pro.local" ignored="2" name="Car Loan" tests="4" failures="0" timestamp="12 Jun 2019 19:58:15 GMT" time="0.027" errors="0">
  <testcase name="mobileSignOutCarLoan" time="0.001" classname="com.udemy.Day3"/>
  <testcase name="mobileSignOutCarLoan" time="0.006" classname="com.udemy.Day3"/>
  <testcase name="mobileSignOutCarLoan" time="0.003" classname="com.udemy.Day3"/>
  <testcase name="webLoginCarLoan" time="0.002" classname="com.udemy.Day3"/>
  <testcase name="APIcarLoan" time="0.0" classname="com.udemy.Day3">
    <ignored/>
  </testcase> <!-- APIcarLoan -->
  <testcase name="mobileSignInCarLoan" time="0.0" classname="com.udemy.Day3">
    <ignored/>
  </testcase> <!-- mobileSignInCarLoan -->
</testsuite> <!-- Car Loan -->
