<?xml version="1.0" encoding="UTF-8"?>
<!-- Generated by org.testng.reporters.JUnitXMLReporter -->
<testsuite hostname="Milenas-MacBook-Pro.local" ignored="1" name="Personal Loan" tests="5" failures="0" timestamp="12 Jun 2019 19:58:15 GMT" time="0.067" errors="0">
  <testcase name="demo" time="0.008" classname="com.udemy.Day1"/>
  <testcase name="loan" time="0.005" classname="com.udemy.Day2"/>
  <testcase name="loginApIHomeLoan" time="0.002" classname="com.udemy.Day4"/>
  <testcase name="mobileLoginHomeLoan" time="0.002" classname="com.udemy.Day4"/>
  <testcase name="webLoginHomeLoan" time="0.002" classname="com.udemy.Day4"/>
  <testcase name="secondTest" time="0.0" classname="com.udemy.Day1">
    <ignored/>
  </testcase> <!-- secondTest -->
</testsuite> <!-- Personal Loan -->
