<?xml version="1.0" encoding="UTF-8"?>
<!-- Generated by org.testng.reporters.JUnitXMLReporter -->
<testsuite hostname="Milenas-MacBook-Pro.local" ignored="0" name="Test" tests="2" failures="2" timestamp="01 Jun 2019 06:01:43 GMT" time="0.113" errors="0">
  <testcase name="hard" time="0.022" classname="com.class02_.SoftAndHardAssert">
    <failure type="java.lang.AssertionError" message="expected [true] but found [false]">
      <![CDATA[java.lang.AssertionError: expected [true] but found [false]
at com.class02_.SoftAndHardAssert.hard(SoftAndHardAssert.java:27)
... Removed 29 stack frames]]>
    </failure>
  </testcase> <!-- hard -->
  <testcase name="soft" time="0.006" classname="com.class02_.SoftAndHardAssert">
    <failure type="java.lang.AssertionError" message="The following asserts failed:
	expected [true] but found [false]">
      <![CDATA[java.lang.AssertionError: The following asserts failed:
expected [true] but found [false]
at com.class02_.SoftAndHardAssert.soft(SoftAndHardAssert.java:19)
... Removed 26 stack frames]]>
    </failure>
  </testcase> <!-- soft -->
</testsuite> <!-- Test -->
