<?xml version="1.0" encoding="UTF-8"?>
<!-- Generated by org.testng.reporters.JUnitXMLReporter -->
<testsuite hostname="Milenas-MacBook-Pro.local" ignored="0" name="Personal Loan" tests="10" failures="0" timestamp="12 Jun 2019 17:33:16 GMT" time="0.149" errors="0">
  <testcase name="demo" time="0.015" classname="com.udemy.Day1"/>
  <testcase name="secondTest" time="0.005" classname="com.udemy.Day1"/>
  <testcase name="APIcarLoan" time="0.002" classname="com.udemy.Day3"/>
  <testcase name="mobileSignInCarLoan" time="0.003" classname="com.udemy.Day3"/>
  <testcase name="mobileSignOutCarLoan" time="0.004" classname="com.udemy.Day3"/>
  <testcase name="webLoginCarLoan" time="0.002" classname="com.udemy.Day3"/>
  <testcase name="loan" time="0.004" classname="com.udemy.Day2"/>
  <testcase name="loginApIHomeLoan" time="0.002" classname="com.udemy.Day4"/>
  <testcase name="mobileLoginHomeLoan" time="0.004" classname="com.udemy.Day4"/>
  <testcase name="webLoginHomeLoan" time="0.002" classname="com.udemy.Day4"/>
</testsuite> <!-- Personal Loan -->
