<?xml version="1.0" encoding="UTF-8"?>
<!-- Generated by org.testng.reporters.JUnitXMLReporter -->
<testsuite hostname="Milenas-MacBook-Pro.local" ignored="3" name="Regression" tests="7" failures="0" timestamp="12 Jun 2019 18:46:08 GMT" time="0.089" errors="0">
  <testcase name="demo" time="0.007" classname="com.udemy.Day1"/>
  <testcase name="secondTest" time="0.005" classname="com.udemy.Day1"/>
  <testcase name="APIcarLoan" time="0.002" classname="com.udemy.Day3"/>
  <testcase name="mobileSignInCarLoan" time="0.003" classname="com.udemy.Day3"/>
  <testcase name="mobileSignOutCarLoan" time="0.001" classname="com.udemy.Day3"/>
  <testcase name="loginApIHomeLoan" time="0.01" classname="com.udemy.Day4"/>
  <testcase name="webLoginHomeLoan" time="0.002" classname="com.udemy.Day4"/>
  <testcase name="webLoginCarLoan" time="0.0" classname="com.udemy.Day3">
    <ignored/>
  </testcase> <!-- webLoginCarLoan -->
  <testcase name="mobileLoginHomeLoan" time="0.0" classname="com.udemy.Day4">
    <ignored/>
  </testcase> <!-- mobileLoginHomeLoan -->
  <testcase name="loan" time="0.0" classname="com.udemy.Day2">
    <ignored/>
  </testcase> <!-- loan -->
</testsuite> <!-- Regression -->
