<?xml version="1.0" encoding="UTF-8"?>
<testng-results skipped="0" failed="0" ignored="1" total="2" passed="1">
  <reporter-output>
  </reporter-output>
  <suite name="Suite" duration-ms="3673" started-at="2019-06-07T05:13:22Z" finished-at="2019-06-07T05:13:25Z">
    <groups>
      <group name="Regression">
        <method signature="Task1.userTwo()[pri:0, instance:com.class04_.Task1@457e2f02]" name="userTwo" class="com.class04_.Task1"/>
      </group> <!-- Regression -->
    </groups>
    <test name="Test" duration-ms="3673" started-at="2019-06-07T05:13:22Z" finished-at="2019-06-07T05:13:25Z">
      <class name="com.class04_.Task1">
        <test-method status="PASS" signature="setUp()[pri:0, instance:com.class04_.Task1@457e2f02]" name="setUp" is-config="true" duration-ms="2819" started-at="2019-06-07T05:13:22Z" finished-at="2019-06-07T05:13:25Z">
          <reporter-output>
          </reporter-output>
        </test-method> <!-- setUp -->
        <test-method status="PASS" signature="userTwo()[pri:0, instance:com.class04_.Task1@457e2f02]" name="userTwo" duration-ms="629" started-at="2019-06-07T05:13:25Z" finished-at="2019-06-07T05:13:25Z">
          <reporter-output>
          </reporter-output>
        </test-method> <!-- userTwo -->
        <test-method status="PASS" signature="tearDown()[pri:0, instance:com.class04_.Task1@457e2f02]" name="tearDown" is-config="true" duration-ms="163" started-at="2019-06-07T05:13:25Z" finished-at="2019-06-07T05:13:25Z">
          <reporter-output>
          </reporter-output>
        </test-method> <!-- tearDown -->
      </class> <!-- com.class04_.Task1 -->
    </test> <!-- Test -->
  </suite> <!-- Suite -->
</testng-results>
