<?xml version="1.0" encoding="UTF-8"?>
<testng-results skipped="0" failed="0" ignored="0" total="2" passed="2">
  <reporter-output>
  </reporter-output>
  <suite name="Suite" duration-ms="7934" started-at="2019-06-13T00:39:58Z" finished-at="2019-06-13T00:40:06Z">
    <groups>
    </groups>
    <test name="ChromeTest" duration-ms="4828" started-at="2019-06-13T00:39:58Z" finished-at="2019-06-13T00:40:03Z">
      <class name="com.class05_.DemoTest">
        <test-method status="PASS" signature="testCrossBrowser(java.lang.String)[pri:0, instance:com.class05_.DemoTest@457e2f02]" name="testCrossBrowser" duration-ms="4780" started-at="2019-06-13T00:39:59Z" finished-at="2019-06-13T00:40:03Z">
          <params>
            <param index="0">
              <value>
                <![CDATA[chrome]]>
              </value>
            </param>
          </params>
          <reporter-output>
          </reporter-output>
        </test-method> <!-- testCrossBrowser -->
      </class> <!-- com.class05_.DemoTest -->
    </test> <!-- ChromeTest -->
    <test name="FirefoxTest" duration-ms="7911" started-at="2019-06-13T00:39:58Z" finished-at="2019-06-13T00:40:06Z">
      <class name="com.class05_.DemoTest">
        <test-method status="PASS" signature="testCrossBrowser(java.lang.String)[pri:0, instance:com.class05_.DemoTest@42d80b78]" name="testCrossBrowser" duration-ms="7889" started-at="2019-06-13T00:39:59Z" finished-at="2019-06-13T00:40:06Z">
          <params>
            <param index="0">
              <value>
                <![CDATA[firefox]]>
              </value>
            </param>
          </params>
          <reporter-output>
          </reporter-output>
        </test-method> <!-- testCrossBrowser -->
      </class> <!-- com.class05_.DemoTest -->
    </test> <!-- FirefoxTest -->
  </suite> <!-- Suite -->
</testng-results>
