<?xml version="1.0" encoding="UTF-8"?>
<!-- Generated by org.testng.reporters.JUnitXMLReporter -->
<testsuite hostname="Milenas-MacBook-Pro.local" ignored="1" name="tourTest" tests="2" failures="0" timestamp="07 Jun 2019 03:50:49 GMT" time="5.286" errors="0">
  <testcase name="contactInformation" time="0.632" classname="com.class03_.NewtourExample"/>
  <testcase name="mailingInformation" time="0.502" classname="com.class03_.NewtourExample"/>
  <testcase name="serInformation" time="0.0" classname="com.class03_.NewtourExample">
    <ignored/>
  </testcase> <!-- serInformation -->
</testsuite> <!-- tourTest -->
