<?xml version="1.0" encoding="UTF-8"?>
<!-- Generated by org.testng.reporters.JUnitXMLReporter -->
<testsuite hostname="Milenas-MacBook-Pro.local" ignored="0" name="BasicTest1" tests="6" failures="0" timestamp="06 Jun 2019 22:31:13 GMT" time="0.103" errors="0">
  <testcase name="testOneFromBasic1" time="0.013" classname="com.class03_.BasicXMLPartOne"/>
  <testcase name="testSecondFromBasic1" time="0.003" classname="com.class03_.BasicXMLPartOne"/>
  <testcase name="testThirdFromBasic1" time="0.001" classname="com.class03_.BasicXMLPartOne"/>
  <testcase name="testOneFromBasic2" time="0.001" classname="com.class03_.BasicXMLPartTwo"/>
  <testcase name="testSecondFromBasic2" time="0.002" classname="com.class03_.BasicXMLPartTwo"/>
  <testcase name="testThirdFromBasic2" time="0.003" classname="com.class03_.BasicXMLPartTwo"/>
</testsuite> <!-- BasicTest1 -->
